# JRE version: OpenJDK Runtime Environment (8.0_162-b01) (build 1.8.0_162-b01)
# Java VM: OpenJDK 64-Bit Server VM (25.162-b01 mixed mode linux-amd64 compressed oops)
Heap:
 PSYoungGen      total 262144K, used 26592K [0x000000076db00000, 0x000000077fc00000, 0x00000007c0000000)
  eden space 235520K, 0% used [0x000000076db00000,0x000000076db00000,0x000000077c100000)
  from space 26624K, 99% used [0x000000077c100000,0x000000077daf8280,0x000000077db00000)
  to   space 23040K, 0% used [0x000000077db00000,0x000000077db00000,0x000000077f180000)
 ParOldGen       total 167424K, used 55868K [0x00000006c9000000, 0x00000006d3380000, 0x000000076db00000)
  object space 167424K, 33% used [0x00000006c9000000,0x00000006cc68f1c8,0x00000006d3380000)
 Metaspace       used 54345K, capacity 56117K, committed 56320K, reserved 1097728K
  class space    used 7141K, capacity 7579K, committed 7680K, reserved 1048576K
GC Heap History (10 events):
Event: 4.451 GC heap after
Heap after GC invocations=8 (full 2):
 PSYoungGen      total 146944K, used 0K [0x000000076db00000, 0x000000077b180000, 0x00000007c0000000)
  eden space 133120K, 0% used [0x000000076db00000,0x000000076db00000,0x0000000775d00000)
  from space 13824K, 0% used [0x0000000776d00000,0x0000000776d00000,0x0000000777a80000)
  to   space 16384K, 0% used [0x0000000775d00000,0x0000000775d00000,0x0000000776d00000)
 ParOldGen       total 167424K, used 21666K [0x00000006c9000000, 0x00000006d3380000, 0x000000076db00000)
  object space 167424K, 12% used [0x00000006c9000000,0x00000006ca528b58,0x00000006d3380000)
 Metaspace       used 34522K, capacity 35177K, committed 35496K, reserved 1079296K
  class space    used 4645K, capacity 4844K, committed 4864K, reserved 1048576K
}
Event: 5.944 GC heap before
{Heap before GC invocations=9 (full 2):
 PSYoungGen      total 146944K, used 133120K [0x000000076db00000, 0x000000077b180000, 0x00000007c0000000)
  eden space 133120K, 100% used [0x000000076db00000,0x0000000775d00000,0x0000000775d00000)
  from space 13824K, 0% used [0x0000000776d00000,0x0000000776d00000,0x0000000777a80000)
  to   space 16384K, 0% used [0x0000000775d00000,0x0000000775d00000,0x0000000776d00000)
 ParOldGen       total 167424K, used 21666K [0x00000006c9000000, 0x00000006d3380000, 0x000000076db00000)
  object space 167424K, 12% used [0x00000006c9000000,0x00000006ca528b58,0x00000006d3380000)
 Metaspace       used 40463K, capacity 41235K, committed 41472K, reserved 1085440K
  class space    used 5359K, capacity 5593K, committed 5632K, reserved 1048576K
Event: 5.964 GC heap after
Heap after GC invocations=9 (full 2):
 PSYoungGen      total 149504K, used 7576K [0x000000076db00000, 0x000000077bb80000, 0x00000007c0000000)
  eden space 133120K, 0% used [0x000000076db00000,0x000000076db00000,0x0000000775d00000)
  from space 16384K, 46% used [0x0000000775d00000,0x0000000776466398,0x0000000776d00000)
  to   space 15872K, 0% used [0x000000077ac00000,0x000000077ac00000,0x000000077bb80000)
 ParOldGen       total 167424K, used 21738K [0x00000006c9000000, 0x00000006d3380000, 0x000000076db00000)
  object space 167424K, 12% used [0x00000006c9000000,0x00000006ca53ab68,0x00000006d3380000)
 Metaspace       used 40463K, capacity 41235K, committed 41472K, reserved 1085440K
  class space    used 5359K, capacity 5593K, committed 5632K, reserved 1048576K
}
Event: 8.776 GC heap before
{Heap before GC invocations=10 (full 2):
 PSYoungGen      total 149504K, used 140696K [0x000000076db00000, 0x000000077bb80000, 0x00000007c0000000)
  eden space 133120K, 100% used [0x000000076db00000,0x0000000775d00000,0x0000000775d00000)
  from space 16384K, 46% used [0x0000000775d00000,0x0000000776466398,0x0000000776d00000)
  to   space 15872K, 0% used [0x000000077ac00000,0x000000077ac00000,0x000000077bb80000)
 ParOldGen       total 167424K, used 21738K [0x00000006c9000000, 0x00000006d3380000, 0x000000076db00000)
  object space 167424K, 12% used [0x00000006c9000000,0x00000006ca53ab68,0x00000006d3380000)
 Metaspace       used 48781K, capacity 50047K, committed 50432K, reserved 1093632K
  class space    used 6497K, capacity 6798K, committed 6912K, reserved 1048576K
Event: 8.792 GC heap after
Heap after GC invocations=10 (full 2):
 PSYoungGen      total 205824K, used 14255K [0x000000076db00000, 0x000000077ba00000, 0x00000007c0000000)
  eden space 191488K, 0% used [0x000000076db00000,0x000000076db00000,0x0000000779600000)
  from space 14336K, 99% used [0x000000077ac00000,0x000000077b9ebc48,0x000000077ba00000)
  to   space 16896K, 0% used [0x0000000779900000,0x0000000779900000,0x000000077a980000)
 ParOldGen       total 167424K, used 21765K [0x00000006c9000000, 0x00000006d3380000, 0x000000076db00000)
  object space 167424K, 13% used [0x00000006c9000000,0x00000006ca5417b8,0x00000006d3380000)
 Metaspace       used 48781K, capacity 50047K, committed 50432K, reserved 1093632K
  class space    used 6497K, capacity 6798K, committed 6912K, reserved 1048576K
}
Event: 11.528 GC heap before
{Heap before GC invocations=11 (full 2):
 PSYoungGen      total 205824K, used 205743K [0x000000076db00000, 0x000000077ba00000, 0x00000007c0000000)
  eden space 191488K, 100% used [0x000000076db00000,0x0000000779600000,0x0000000779600000)
  from space 14336K, 99% used [0x000000077ac00000,0x000000077b9ebc48,0x000000077ba00000)
  to   space 16896K, 0% used [0x0000000779900000,0x0000000779900000,0x000000077a980000)
 ParOldGen       total 167424K, used 21765K [0x00000006c9000000, 0x00000006d3380000, 0x000000076db00000)
  object space 167424K, 13% used [0x00000006c9000000,0x00000006ca5417b8,0x00000006d3380000)
 Metaspace       used 52836K, capacity 54499K, committed 54656K, reserved 1095680K
  class space    used 6994K, capacity 7454K, committed 7552K, reserved 1048576K
Event: 11.558 GC heap after
Heap after GC invocations=11 (full 2):
 PSYoungGen      total 211456K, used 16864K [0x000000076db00000, 0x000000077f180000, 0x00000007c0000000)
  eden space 194560K, 0% used [0x000000076db00000,0x000000076db00000,0x0000000779900000)
  from space 16896K, 99% used [0x0000000779900000,0x000000077a978220,0x000000077a980000)
  to   space 23040K, 0% used [0x000000077db00000,0x000000077db00000,0x000000077f180000)
 ParOldGen       total 167424K, used 31544K [0x00000006c9000000, 0x00000006d3380000, 0x000000076db00000)
  object space 167424K, 18% used [0x00000006c9000000,0x00000006caece200,0x00000006d3380000)
 Metaspace       used 52836K, capacity 54499K, committed 54656K, reserved 1095680K
  class space    used 6994K, capacity 7454K, committed 7552K, reserved 1048576K
}
Event: 13.261 GC heap before
{Heap before GC invocations=12 (full 2):
 PSYoungGen      total 211456K, used 211424K [0x000000076db00000, 0x000000077f180000, 0x00000007c0000000)
  eden space 194560K, 100% used [0x000000076db00000,0x0000000779900000,0x0000000779900000)
  from space 16896K, 99% used [0x0000000779900000,0x000000077a978220,0x000000077a980000)
  to   space 23040K, 0% used [0x000000077db00000,0x000000077db00000,0x000000077f180000)
 ParOldGen       total 167424K, used 31544K [0x00000006c9000000, 0x00000006d3380000, 0x000000076db00000)
  object space 167424K, 18% used [0x00000006c9000000,0x00000006caece200,0x00000006d3380000)
 Metaspace       used 54265K, capacity 56047K, committed 56320K, reserved 1097728K
  class space    used 7137K, capacity 7578K, committed 7680K, reserved 1048576K
Event: 13.289 GC heap after
Heap after GC invocations=12 (full 2):
 PSYoungGen      total 258560K, used 23008K [0x000000076db00000, 0x000000077fc00000, 0x00000007c0000000)
  eden space 235520K, 0% used [0x000000076db00000,0x000000076db00000,0x000000077c100000)
  from space 23040K, 99% used [0x000000077db00000,0x000000077f178240,0x000000077f180000)
  to   space 26624K, 0% used [0x000000077c100000,0x000000077c100000,0x000000077db00000)
 ParOldGen       total 167424K, used 33246K [0x00000006c9000000, 0x00000006d3380000, 0x000000076db00000)
  object space 167424K, 19% used [0x00000006c9000000,0x00000006cb0779d0,0x00000006d3380000)
 Metaspace       used 54265K, capacity 56047K, committed 56320K, reserved 1097728K
  class space    used 7137K, capacity 7578K, committed 7680K, reserved 1048576K
}
Event: 16.070 GC heap before
{Heap before GC invocations=13 (full 2):
 PSYoungGen      total 258560K, used 258528K [0x000000076db00000, 0x000000077fc00000, 0x00000007c0000000)
  eden space 235520K, 100% used [0x000000076db00000,0x000000077c100000,0x000000077c100000)
  from space 23040K, 99% used [0x000000077db00000,0x000000077f178240,0x000000077f180000)
  to   space 26624K, 0% used [0x000000077c100000,0x000000077c100000,0x000000077db00000)
 ParOldGen       total 167424K, used 33246K [0x00000006c9000000, 0x00000006d3380000, 0x000000076db00000)
  object space 167424K, 19% used [0x00000006c9000000,0x00000006cb0779d0,0x00000006d3380000)
 Metaspace       used 54345K, capacity 56117K, committed 56320K, reserved 1097728K
  class space    used 7141K, capacity 7579K, committed 7680K, reserved 1048576K

